<?xml version="1.0" encoding="UTF-8"?>
<!-- Generated by org.testng.reporters.JUnitReportReporter -->
<testsuite hostname="OJT13" name="WaitDemo" tests="1" failures="0" timestamp="23 Mar 2016 13:14:30 GMT" time="11.123" errors="0">
  <testcase name="mainee" time="11.123" classname="WaitDemo"/>
</testsuite> <!-- WaitDemo -->
