<?xml version="1.0" encoding="UTF-8"?>
<!-- Generated by org.testng.reporters.JUnitReportReporter -->
<testsuite hostname="OJT13" name="andhrajyothi" tests="1" failures="0" timestamp="25 Mar 2016 10:54:41 GMT" time="4.136" errors="0">
  <testcase name="ww" time="4.136" classname="andhrajyothi"/>
</testsuite> <!-- andhrajyothi -->
